Godot Engine v3.4.stable.official.206ba70f4 - https://godotengine.org
OpenGL ES 3.0 Renderer: AMD RENOIR (DRM 3.40.0, 5.10.79-1-MANJARO, LLVM 13.0.0)
OpenGL ES Batching: ON
 
ERROR: DynamicFont uninitialized.
   at: _load (scene/resources/dynamic_font.cpp:152) - Method failed. Returning: ERR_UNCONFIGURED
ERROR: DynamicFont uninitialized.
   at: _load (scene/resources/dynamic_font.cpp:152) - Method failed. Returning: ERR_UNCONFIGURED
ERROR: DynamicFont uninitialized.
   at: _load (scene/resources/dynamic_font.cpp:152) - Method failed. Returning: ERR_UNCONFIGURED
ERROR: DynamicFont uninitialized.
   at: _load (scene/resources/dynamic_font.cpp:152) - Method failed. Returning: ERR_UNCONFIGURED
ERROR: DynamicFont uninitialized.
   at: _load (scene/resources/dynamic_font.cpp:152) - Method failed. Returning: ERR_UNCONFIGURED
ERROR: DynamicFont uninitialized.
   at: _load (scene/resources/dynamic_font.cpp:152) - Method failed. Returning: ERR_UNCONFIGURED
ERROR: DynamicFont uninitialized.
   at: _load (scene/resources/dynamic_font.cpp:152) - Method failed. Returning: ERR_UNCONFIGURED
ERROR: DynamicFont uninitialized.
   at: _load (scene/resources/dynamic_font.cpp:152) - Method failed. Returning: ERR_UNCONFIGURED
ERROR: DynamicFont uninitialized.
   at: _load (scene/resources/dynamic_font.cpp:152) - Method failed. Returning: ERR_UNCONFIGURED
ERROR: DynamicFont uninitialized.
   at: _load (scene/resources/dynamic_font.cpp:152) - Method failed. Returning: ERR_UNCONFIGURED
ERROR: DynamicFont uninitialized.
   at: _load (scene/resources/dynamic_font.cpp:152) - Method failed. Returning: ERR_UNCONFIGURED
ERROR: DynamicFont uninitialized.
   at: _load (scene/resources/dynamic_font.cpp:152) - Method failed. Returning: ERR_UNCONFIGURED
ERROR: DynamicFont uninitialized.
   at: _load (scene/resources/dynamic_font.cpp:152) - Method failed. Returning: ERR_UNCONFIGURED
ERROR: DynamicFont uninitialized.
   at: _load (scene/resources/dynamic_font.cpp:152) - Method failed. Returning: ERR_UNCONFIGURED
ERROR: DynamicFont uninitialized.
   at: _load (scene/resources/dynamic_font.cpp:152) - Method failed. Returning: ERR_UNCONFIGURED
ERROR: DynamicFont uninitialized.
   at: _load (scene/resources/dynamic_font.cpp:152) - Method failed. Returning: ERR_UNCONFIGURED
ERROR: DynamicFont uninitialized.
   at: _load (scene/resources/dynamic_font.cpp:152) - Method failed. Returning: ERR_UNCONFIGURED
ERROR: DynamicFont uninitialized.
   at: _load (scene/resources/dynamic_font.cpp:152) - Method failed. Returning: ERR_UNCONFIGURED
ERROR: DynamicFont uninitialized.
   at: _load (scene/resources/dynamic_font.cpp:152) - Method failed. Returning: ERR_UNCONFIGURED
ERROR: DynamicFont uninitialized.
   at: _load (scene/resources/dynamic_font.cpp:152) - Method failed. Returning: ERR_UNCONFIGURED
ERROR: DynamicFont uninitialized.
   at: _load (scene/resources/dynamic_font.cpp:152) - Method failed. Returning: ERR_UNCONFIGURED
ERROR: DynamicFont uninitialized.
   at: _load (scene/resources/dynamic_font.cpp:152) - Method failed. Returning: ERR_UNCONFIGURED
ERROR: DynamicFont uninitialized.
   at: _load (scene/resources/dynamic_font.cpp:152) - Method failed. Returning: ERR_UNCONFIGURED
ERROR: DynamicFont uninitialized.
   at: _load (scene/resources/dynamic_font.cpp:152) - Method failed. Returning: ERR_UNCONFIGURED
ERROR: DynamicFont uninitialized.
   at: _load (scene/resources/dynamic_font.cpp:152) - Method failed. Returning: ERR_UNCONFIGURED
ERROR: DynamicFont uninitialized.
   at: _load (scene/resources/dynamic_font.cpp:152) - Method failed. Returning: ERR_UNCONFIGURED
ERROR: DynamicFont uninitialized.
   at: _load (scene/resources/dynamic_font.cpp:152) - Method failed. Returning: ERR_UNCONFIGURED
ERROR: DynamicFont uninitialized.
   at: _load (scene/resources/dynamic_font.cpp:152) - Method failed. Returning: ERR_UNCONFIGURED
ERROR: DynamicFont uninitialized.
   at: _load (scene/resources/dynamic_font.cpp:152) - Method failed. Returning: ERR_UNCONFIGURED
ERROR: DynamicFont uninitialized.
   at: _load (scene/resources/dynamic_font.cpp:152) - Method failed. Returning: ERR_UNCONFIGURED
ERROR: DynamicFont uninitialized.
   at: _load (scene/resources/dynamic_font.cpp:152) - Method failed. Returning: ERR_UNCONFIGURED
ERROR: DynamicFont uninitialized.
   at: _load (scene/resources/dynamic_font.cpp:152) - Method failed. Returning: ERR_UNCONFIGURED
ERROR: DynamicFont uninitialized.
   at: _load (scene/resources/dynamic_font.cpp:152) - Method failed. Returning: ERR_UNCONFIGURED
ERROR: DynamicFont uninitialized.
   at: _load (scene/resources/dynamic_font.cpp:152) - Method failed. Returning: ERR_UNCONFIGURED
ERROR: DynamicFont uninitialized.
   at: _load (scene/resources/dynamic_font.cpp:152) - Method failed. Returning: ERR_UNCONFIGURED
ERROR: DynamicFont uninitialized.
   at: _load (scene/resources/dynamic_font.cpp:152) - Method failed. Returning: ERR_UNCONFIGURED
ERROR: DynamicFont uninitialized.
   at: _load (scene/resources/dynamic_font.cpp:152) - Method failed. Returning: ERR_UNCONFIGURED
ERROR: DynamicFont uninitialized.
   at: _load (scene/resources/dynamic_font.cpp:152) - Method failed. Returning: ERR_UNCONFIGURED
ERROR: DynamicFont uninitialized.
   at: _load (scene/resources/dynamic_font.cpp:152) - Method failed. Returning: ERR_UNCONFIGURED
ERROR: DynamicFont uninitialized.
   at: _load (scene/resources/dynamic_font.cpp:152) - Method failed. Returning: ERR_UNCONFIGURED
ERROR: DynamicFont uninitialized.
   at: _load (scene/resources/dynamic_font.cpp:152) - Method failed. Returning: ERR_UNCONFIGURED
ERROR: DynamicFont uninitialized.
   at: _load (scene/resources/dynamic_font.cpp:152) - Method failed. Returning: ERR_UNCONFIGURED
ERROR: DynamicFont uninitialized.
   at: _load (scene/resources/dynamic_font.cpp:152) - Method failed. Returning: ERR_UNCONFIGURED
ERROR: DynamicFont uninitialized.
   at: _load (scene/resources/dynamic_font.cpp:152) - Method failed. Returning: ERR_UNCONFIGURED
ERROR: DynamicFont uninitialized.
   at: _load (scene/resources/dynamic_font.cpp:152) - Method failed. Returning: ERR_UNCONFIGURED
ERROR: DynamicFont uninitialized.
   at: _load (scene/resources/dynamic_font.cpp:152) - Method failed. Returning: ERR_UNCONFIGURED
ERROR: DynamicFont uninitialized.
   at: _load (scene/resources/dynamic_font.cpp:152) - Method failed. Returning: ERR_UNCONFIGURED
ERROR: DynamicFont uninitialized.
   at: _load (scene/resources/dynamic_font.cpp:152) - Method failed. Returning: ERR_UNCONFIGURED
ERROR: DynamicFont uninitialized.
   at: _load (scene/resources/dynamic_font.cpp:152) - Method failed. Returning: ERR_UNCONFIGURED
ERROR: DynamicFont uninitialized.
   at: _load (scene/resources/dynamic_font.cpp:152) - Method failed. Returning: ERR_UNCONFIGURED
ERROR: DynamicFont uninitialized.
   at: _load (scene/resources/dynamic_font.cpp:152) - Method failed. Returning: ERR_UNCONFIGURED
ERROR: DynamicFont uninitialized.
   at: _load (scene/resources/dynamic_font.cpp:152) - Method failed. Returning: ERR_UNCONFIGURED
ERROR: DynamicFont uninitialized.
   at: _load (scene/resources/dynamic_font.cpp:152) - Method failed. Returning: ERR_UNCONFIGURED
ERROR: DynamicFont uninitialized.
   at: _load (scene/resources/dynamic_font.cpp:152) - Method failed. Returning: ERR_UNCONFIGURED
ERROR: DynamicFont uninitialized.
   at: _load (scene/resources/dynamic_font.cpp:152) - Method failed. Returning: ERR_UNCONFIGURED
ERROR: DynamicFont uninitialized.
   at: _load (scene/resources/dynamic_font.cpp:152) - Method failed. Returning: ERR_UNCONFIGURED
ERROR: DynamicFont uninitialized.
   at: _load (scene/resources/dynamic_font.cpp:152) - Method failed. Returning: ERR_UNCONFIGURED
ERROR: DynamicFont uninitialized.
   at: _load (scene/resources/dynamic_font.cpp:152) - Method failed. Returning: ERR_UNCONFIGURED
ERROR: DynamicFont uninitialized.
   at: _load (scene/resources/dynamic_font.cpp:152) - Method failed. Returning: ERR_UNCONFIGURED
ERROR: DynamicFont uninitialized.
   at: _load (scene/resources/dynamic_font.cpp:152) - Method failed. Returning: ERR_UNCONFIGURED
5
Ca
Cd
Cr
P
ERROR: Condition "_first != nullptr" is true.
   at: ~List (./core/self_list.h:108) - Condition "_first != nullptr" is true.
ERROR: Condition "_first != nullptr" is true.
   at: ~List (./core/self_list.h:108) - Condition "_first != nullptr" is true.
ERROR: Condition "_first != nullptr" is true.
   at: ~List (./core/self_list.h:108) - Condition "_first != nullptr" is true.
